Using pre-set license
Built from '2022.3/staging' branch; Version is '2022.3.9f1 (ea401c316338) revision 15351836'; Using compiler version '192829333'; Build Type 'Release'
OS: 'Windows 11  (10.0.22631) 64bit Professional' Language: 'en' Physical Memory: 16193 MB
BatchMode: 1, IsHumanControllingUs: 0, StartBugReporterOnCrash: 0, Is64bit: 1, IsPro: 1

COMMAND LINE ARGUMENTS:
C:\Program Files\Unity 2022.3.9f1\Editor\Unity.exe
-adb2
-batchMode
-noUpm
-name
AssetImportWorker1
-projectPath
E:/GUC-Data/semster 9/Unity/The Walking Dead/The-Walking-Dead-Game
-logFile
Logs/AssetImportWorker1.log
-srvPort
58248
Successfully changed project path to: E:/GUC-Data/semster 9/Unity/The Walking Dead/The-Walking-Dead-Game
E:/GUC-Data/semster 9/Unity/The Walking Dead/The-Walking-Dead-Game
[UnityMemory] Configuration Parameters - Can be set up in boot.config
    "memorysetup-bucket-allocator-granularity=16"
    "memorysetup-bucket-allocator-bucket-count=8"
    "memorysetup-bucket-allocator-block-size=33554432"
    "memorysetup-bucket-allocator-block-count=8"
    "memorysetup-main-allocator-block-size=16777216"
    "memorysetup-thread-allocator-block-size=16777216"
    "memorysetup-gfx-main-allocator-block-size=16777216"
    "memorysetup-gfx-thread-allocator-block-size=16777216"
    "memorysetup-cache-allocator-block-size=4194304"
    "memorysetup-typetree-allocator-block-size=2097152"
    "memorysetup-profiler-bucket-allocator-granularity=16"
    "memorysetup-profiler-bucket-allocator-bucket-count=8"
    "memorysetup-profiler-bucket-allocator-block-size=33554432"
    "memorysetup-profiler-bucket-allocator-block-count=8"
    "memorysetup-profiler-allocator-block-size=16777216"
    "memorysetup-profiler-editor-allocator-block-size=1048576"
    "memorysetup-temp-allocator-size-main=16777216"
    "memorysetup-job-temp-allocator-block-size=2097152"
    "memorysetup-job-temp-allocator-block-size-background=1048576"
    "memorysetup-job-temp-allocator-reduction-small-platforms=262144"
    "memorysetup-allocator-temp-initial-block-size-main=262144"
    "memorysetup-allocator-temp-initial-block-size-worker=262144"
    "memorysetup-temp-allocator-size-background-worker=32768"
    "memorysetup-temp-allocator-size-job-worker=262144"
    "memorysetup-temp-allocator-size-preload-manager=33554432"
    "memorysetup-temp-allocator-size-nav-mesh-worker=65536"
    "memorysetup-temp-allocator-size-audio-worker=65536"
    "memorysetup-temp-allocator-size-cloud-worker=32768"
    "memorysetup-temp-allocator-size-gi-baking-worker=262144"
    "memorysetup-temp-allocator-size-gfx=262144"
Player connection [19700] Host "[IP] 192.168.1.5 [Port] 0 [Flags] 2 [Guid] 207580541 [EditorId] 207580541 [Version] 1048832 [Id] WindowsEditor(7,Mina) [Debug] 1 [PackageName] WindowsEditor [ProjectName] Editor" joined multi-casting on [225.0.0.222:54997]...

Player connection [19700] Host "[IP] 192.168.1.5 [Port] 0 [Flags] 2 [Guid] 207580541 [EditorId] 207580541 [Version] 1048832 [Id] WindowsEditor(7,Mina) [Debug] 1 [PackageName] WindowsEditor [ProjectName] Editor" joined alternative multi-casting on [225.0.0.222:34997]...

[Physics::Module] Initialized MultithreadedJobDispatcher with 11 workers.
Refreshing native plugins compatible for Editor in 7.65 ms, found 3 plugins.
Preloading 0 native plugins for Editor in 0.00 ms.
Initialize engine version: 2022.3.9f1 (ea401c316338)
[Subsystems] Discovering subsystems at path C:/Program Files/Unity 2022.3.9f1/Editor/Data/Resources/UnitySubsystems
[Subsystems] Discovering subsystems at path E:/GUC-Data/semster 9/Unity/The Walking Dead/The-Walking-Dead-Game/Assets
GfxDevice: creating device client; threaded=0; jobified=0
Direct3D:
    Version:  Direct3D 11.0 [level 11.1]
    Renderer: NVIDIA GeForce GTX 1660 Ti with Max-Q Design (ID=0x2191)
    Vendor:   NVIDIA
    VRAM:     5979 MB
    Driver:   31.0.15.4592
Initialize mono
Mono path[0] = 'C:/Program Files/Unity 2022.3.9f1/Editor/Data/Managed'
Mono path[1] = 'C:/Program Files/Unity 2022.3.9f1/Editor/Data/MonoBleedingEdge/lib/mono/unityjit-win32'
Mono config path = 'C:/Program Files/Unity 2022.3.9f1/Editor/Data/MonoBleedingEdge/etc'
Using monoOptions --debugger-agent=transport=dt_socket,embedding=1,server=y,suspend=n,address=127.0.0.1:56532
Begin MonoManager ReloadAssembly
Registering precompiled unity dll's ...
Register platform support module: C:/Program Files/Unity 2022.3.9f1/Editor/Data/PlaybackEngines/WindowsStandaloneSupport/UnityEditor.WindowsStandalone.Extensions.dll
Registered in 0.009107 seconds.
- Loaded All Assemblies, in  0.655 seconds
Native extension for WindowsStandalone target not found
Mono: successfully reloaded assembly
- Finished resetting the current domain, in  0.371 seconds
Domain Reload Profiling: 1024ms
	BeginReloadAssembly (201ms)
		ExecutionOrderSort (0ms)
		DisableScriptedObjects (0ms)
		BackupInstance (0ms)
		ReleaseScriptingObjects (0ms)
		CreateAndSetChildDomain (1ms)
	RebuildCommonClasses (69ms)
	RebuildNativeTypeToScriptingClass (18ms)
	initialDomainReloadingComplete (106ms)
	LoadAllAssembliesAndSetupDomain (258ms)
		LoadAssemblies (199ms)
		RebuildTransferFunctionScriptingTraits (0ms)
		AnalyzeDomain (256ms)
			TypeCache.Refresh (254ms)
				TypeCache.ScanAssembly (225ms)
			ScanForSourceGeneratedMonoScriptInfo (1ms)
			ResolveRequiredComponents (1ms)
	FinalizeReload (372ms)
		ReleaseScriptCaches (0ms)
		RebuildScriptCaches (0ms)
		SetupLoadedEditorAssemblies (274ms)
			LogAssemblyErrors (0ms)
			InitializePlatformSupportModulesInManaged (11ms)
			SetLoadedEditorAssemblies (11ms)
			RefreshPlugins (0ms)
			BeforeProcessingInitializeOnLoad (3ms)
			ProcessInitializeOnLoadAttributes (182ms)
			ProcessInitializeOnLoadMethodAttributes (68ms)
			AfterProcessingInitializeOnLoad (0ms)
			EditorAssembliesLoaded (0ms)
		ExecutionOrderSort2 (0ms)
		AwakeInstancesAfterBackupRestoration (0ms)
========================================================================
Worker process is ready to serve import requests
Begin MonoManager ReloadAssembly
- Loaded All Assemblies, in  0.884 seconds
Refreshing native plugins compatible for Editor in 2.06 ms, found 3 plugins.
Native extension for WindowsStandalone target not found
Package Manager log level set to [2]
[Package Manager] Server::EnsureServerProcessIsRunning -- launch failed, reason: Unity was launched with the -noUpm command-line argument
[Package Manager] UpmClient::Send -- Unable to send message (not connected to UPM process).
[Package Manager] Cannot connect to Unity Package Manager local server
Mono: successfully reloaded assembly
- Finished resetting the current domain, in  0.969 seconds
Domain Reload Profiling: 1852ms
	BeginReloadAssembly (205ms)
		ExecutionOrderSort (0ms)
		DisableScriptedObjects (7ms)
		BackupInstance (0ms)
		ReleaseScriptingObjects (0ms)
		CreateAndSetChildDomain (28ms)
	RebuildCommonClasses (49ms)
	RebuildNativeTypeToScriptingClass (14ms)
	initialDomainReloadingComplete (56ms)
	LoadAllAssembliesAndSetupDomain (558ms)
		LoadAssemblies (389ms)
		RebuildTransferFunctionScriptingTraits (0ms)
		AnalyzeDomain (287ms)
			TypeCache.Refresh (252ms)
				TypeCache.ScanAssembly (226ms)
			ScanForSourceGeneratedMonoScriptInfo (25ms)
			ResolveRequiredComponents (8ms)
	FinalizeReload (970ms)
		ReleaseScriptCaches (0ms)
		RebuildScriptCaches (0ms)
		SetupLoadedEditorAssemblies (711ms)
			LogAssemblyErrors (0ms)
			InitializePlatformSupportModulesInManaged (8ms)
			SetLoadedEditorAssemblies (6ms)
			RefreshPlugins (0ms)
			BeforeProcessingInitializeOnLoad (103ms)
			ProcessInitializeOnLoadAttributes (554ms)
			ProcessInitializeOnLoadMethodAttributes (32ms)
			AfterProcessingInitializeOnLoad (7ms)
			EditorAssembliesLoaded (0ms)
		ExecutionOrderSort2 (0ms)
		AwakeInstancesAfterBackupRestoration (12ms)
Launched and connected shader compiler UnityShaderCompiler.exe after 0.11 seconds
Refreshing native plugins compatible for Editor in 3.53 ms, found 3 plugins.
Preloading 0 native plugins for Editor in 0.00 ms.
Unloading 3259 Unused Serialized files (Serialized files now loaded: 0)
Unloading 44 unused Assets / (129.7 KB). Loaded Objects now: 3727.
Memory consumption went from 122.0 MB to 121.8 MB.
Total: 5.179300 ms (FindLiveObjects: 0.422400 ms CreateObjectMapping: 0.366100 ms MarkObjects: 3.955900 ms  DeleteObjects: 0.432100 ms)

AssetImportParameters requested are different than current active one (requested -> active):
  custom:container-demuxer-ogg: 62fdf1f143b41e24485cea50d1cbac27 -> 
  custom:video-codec-MediaFoundation-h265: 746d11721c4dcdbdad8f713fa42b33f4 -> 
  custom:video-decoder-ogg-theora: a1e56fd34408186e4bbccfd4996cb3dc -> 
  custom:framework-win-MediaFoundation: 216162199b28c13a410421893ffa2e32 -> 
  custom:container-demuxer-webm: 4f35f7cbe854078d1ac9338744f61a02 -> 
  custom:container-muxer-webm: aa71ff27fc2769a1b78a27578f13a17b -> 
  custom:video-decoder-webm-vp8: 9c59270c3fd7afecdb556c50c9e8de78 -> 
  custom:SearchIndexIgnoredProperties: e643bd26f0fe6173181afceb89e7c659 -> 
  custom:AudioImporter_EditorPlatform: d09bf68614088b80899f8185d706f6e7 -> 
  custom:video-encoder-webm-vp8: eb34c28f22e8b96e1ab97ce403110664 -> 
  custom:audio-decoder-ogg-vorbis: bf7c407c2cedff20999df2af8eb42d56 -> 
  custom:audio-encoder-webm-vorbis: bf7c407c2cedff20999df2af8eb42d56 -> 
========================================================================
Received Import Request.
  Time since last request: 46937.619802 seconds.
  path: Assets/Scenes/Apartement Timeline.playable
  artifactKey: Guid(e664beb39eca56d4abf223d083f5e593) Importer(815301076,1909f56bfc062723c751e8b465ee728b)
Start importing Assets/Scenes/Apartement Timeline.playable using Guid(e664beb39eca56d4abf223d083f5e593) Importer(815301076,1909f56bfc062723c751e8b465ee728b)  -> (artifact id: '18a2430e4b75268e760c1061b3a929a8') in 0.047453 seconds
Number of updated asset objects reloaded before import = 0
Number of asset objects unloaded after import = 15
========================================================================
Received Prepare
Begin MonoManager ReloadAssembly
- Loaded All Assemblies, in  0.868 seconds
Refreshing native plugins compatible for Editor in 2.36 ms, found 3 plugins.
Native extension for WindowsStandalone target not found
[Package Manager] Server::EnsureServerProcessIsRunning -- launch failed, reason: Unity was launched with the -noUpm command-line argument
[Package Manager] UpmClient::Send -- Unable to send message (not connected to UPM process).
[Package Manager] Cannot connect to Unity Package Manager local server
Mono: successfully reloaded assembly
- Finished resetting the current domain, in  1.255 seconds
Domain Reload Profiling: 2120ms
	BeginReloadAssembly (325ms)
		ExecutionOrderSort (0ms)
		DisableScriptedObjects (8ms)
		BackupInstance (0ms)
		ReleaseScriptingObjects (0ms)
		CreateAndSetChildDomain (58ms)
	RebuildCommonClasses (124ms)
	RebuildNativeTypeToScriptingClass (43ms)
	initialDomainReloadingComplete (86ms)
	LoadAllAssembliesAndSetupDomain (286ms)
		LoadAssemblies (483ms)
		RebuildTransferFunctionScriptingTraits (0ms)
		AnalyzeDomain (19ms)
			TypeCache.Refresh (10ms)
				TypeCache.ScanAssembly (0ms)
			ScanForSourceGeneratedMonoScriptInfo (0ms)
			ResolveRequiredComponents (8ms)
	FinalizeReload (1256ms)
		ReleaseScriptCaches (0ms)
		RebuildScriptCaches (0ms)
		SetupLoadedEditorAssemblies (677ms)
			LogAssemblyErrors (0ms)
			InitializePlatformSupportModulesInManaged (6ms)
			SetLoadedEditorAssemblies (4ms)
			RefreshPlugins (0ms)
			BeforeProcessingInitializeOnLoad (86ms)
			ProcessInitializeOnLoadAttributes (534ms)
			ProcessInitializeOnLoadMethodAttributes (34ms)
			AfterProcessingInitializeOnLoad (10ms)
			EditorAssembliesLoaded (1ms)
		ExecutionOrderSort2 (0ms)
		AwakeInstancesAfterBackupRestoration (13ms)
Refreshing native plugins compatible for Editor in 3.75 ms, found 3 plugins.
Preloading 0 native plugins for Editor in 0.00 ms.
Unloading 3250 Unused Serialized files (Serialized files now loaded: 0)
Unloading 23 unused Assets / (101.8 KB). Loaded Objects now: 3743.
Memory consumption went from 120.0 MB to 119.9 MB.
Total: 4.207800 ms (FindLiveObjects: 0.308900 ms CreateObjectMapping: 0.336000 ms MarkObjects: 3.406700 ms  DeleteObjects: 0.153800 ms)

Prepare: number of updated asset objects reloaded= 0
AssetImportParameters requested are different than current active one (requested -> active):
  custom:container-demuxer-ogg: 62fdf1f143b41e24485cea50d1cbac27 -> 
  custom:video-codec-MediaFoundation-h265: 746d11721c4dcdbdad8f713fa42b33f4 -> 
  custom:video-decoder-ogg-theora: a1e56fd34408186e4bbccfd4996cb3dc -> 
  custom:framework-win-MediaFoundation: 216162199b28c13a410421893ffa2e32 -> 
  custom:CustomObjectIndexerAttribute: 756ad292c208cfabdd7b50bc23989ffe -> 
  custom:container-demuxer-webm: 4f35f7cbe854078d1ac9338744f61a02 -> 
  custom:container-muxer-webm: aa71ff27fc2769a1b78a27578f13a17b -> 
  custom:video-decoder-webm-vp8: 9c59270c3fd7afecdb556c50c9e8de78 -> 
  custom:SearchIndexIgnoredProperties: e643bd26f0fe6173181afceb89e7c659 -> 
  custom:AudioImporter_EditorPlatform: d09bf68614088b80899f8185d706f6e7 -> 
  custom:video-encoder-webm-vp8: eb34c28f22e8b96e1ab97ce403110664 -> 
  custom:audio-decoder-ogg-vorbis: bf7c407c2cedff20999df2af8eb42d56 -> 
  custom:audio-encoder-webm-vorbis: bf7c407c2cedff20999df2af8eb42d56 -> 
========================================================================
Received Prepare
Begin MonoManager ReloadAssembly
- Loaded All Assemblies, in  0.596 seconds
Refreshing native plugins compatible for Editor in 2.01 ms, found 3 plugins.
Native extension for WindowsStandalone target not found
[Package Manager] Server::EnsureServerProcessIsRunning -- launch failed, reason: Unity was launched with the -noUpm command-line argument
[Package Manager] UpmClient::Send -- Unable to send message (not connected to UPM process).
[Package Manager] Cannot connect to Unity Package Manager local server
Mono: successfully reloaded assembly
- Finished resetting the current domain, in  1.262 seconds
Domain Reload Profiling: 1857ms
	BeginReloadAssembly (205ms)
		ExecutionOrderSort (0ms)
		DisableScriptedObjects (7ms)
		BackupInstance (0ms)
		ReleaseScriptingObjects (0ms)
		CreateAndSetChildDomain (44ms)
	RebuildCommonClasses (51ms)
	RebuildNativeTypeToScriptingClass (16ms)
	initialDomainReloadingComplete (41ms)
	LoadAllAssembliesAndSetupDomain (281ms)
		LoadAssemblies (370ms)
		RebuildTransferFunctionScriptingTraits (0ms)
		AnalyzeDomain (28ms)
			TypeCache.Refresh (8ms)
				TypeCache.ScanAssembly (0ms)
			ScanForSourceGeneratedMonoScriptInfo (0ms)
			ResolveRequiredComponents (18ms)
	FinalizeReload (1263ms)
		ReleaseScriptCaches (0ms)
		RebuildScriptCaches (0ms)
		SetupLoadedEditorAssemblies (682ms)
			LogAssemblyErrors (0ms)
			InitializePlatformSupportModulesInManaged (8ms)
			SetLoadedEditorAssemblies (4ms)
			RefreshPlugins (0ms)
			BeforeProcessingInitializeOnLoad (82ms)
			ProcessInitializeOnLoadAttributes (546ms)
			ProcessInitializeOnLoadMethodAttributes (34ms)
			AfterProcessingInitializeOnLoad (8ms)
			EditorAssembliesLoaded (0ms)
		ExecutionOrderSort2 (0ms)
		AwakeInstancesAfterBackupRestoration (13ms)
Refreshing native plugins compatible for Editor in 2.03 ms, found 3 plugins.
Preloading 0 native plugins for Editor in 0.00 ms.
Unloading 3251 Unused Serialized files (Serialized files now loaded: 0)
Unloading 23 unused Assets / (101.8 KB). Loaded Objects now: 3758.
Memory consumption went from 120.2 MB to 120.1 MB.
Total: 4.809600 ms (FindLiveObjects: 0.388000 ms CreateObjectMapping: 0.333400 ms MarkObjects: 3.993700 ms  DeleteObjects: 0.092800 ms)

Prepare: number of updated asset objects reloaded= 0
AssetImportParameters requested are different than current active one (requested -> active):
  custom:container-demuxer-ogg: 62fdf1f143b41e24485cea50d1cbac27 -> 
  custom:video-codec-MediaFoundation-h265: 746d11721c4dcdbdad8f713fa42b33f4 -> 
  custom:video-decoder-ogg-theora: a1e56fd34408186e4bbccfd4996cb3dc -> 
  custom:framework-win-MediaFoundation: 216162199b28c13a410421893ffa2e32 -> 
  custom:CustomObjectIndexerAttribute: 756ad292c208cfabdd7b50bc23989ffe -> 
  custom:container-demuxer-webm: 4f35f7cbe854078d1ac9338744f61a02 -> 
  custom:container-muxer-webm: aa71ff27fc2769a1b78a27578f13a17b -> 
  custom:video-decoder-webm-vp8: 9c59270c3fd7afecdb556c50c9e8de78 -> 
  custom:SearchIndexIgnoredProperties: e643bd26f0fe6173181afceb89e7c659 -> 
  custom:AudioImporter_EditorPlatform: d09bf68614088b80899f8185d706f6e7 -> 
  custom:video-encoder-webm-vp8: eb34c28f22e8b96e1ab97ce403110664 -> 
  custom:audio-decoder-ogg-vorbis: bf7c407c2cedff20999df2af8eb42d56 -> 
  custom:audio-encoder-webm-vorbis: bf7c407c2cedff20999df2af8eb42d56 -> 
========================================================================
Received Import Request.
  Time since last request: 1084.531161 seconds.
  path: Assets/Animations/Fast Run.fbx
  artifactKey: Guid(2fcbebe88e985194b97a14b4ea024b8b) Importer(815301076,1909f56bfc062723c751e8b465ee728b)
Start importing Assets/Animations/Fast Run.fbx using Guid(2fcbebe88e985194b97a14b4ea024b8b) Importer(815301076,1909f56bfc062723c751e8b465ee728b)  -> (artifact id: '9150da36d114c25cd9cfbdb729ce69c9') in 0.047332 seconds
Number of updated asset objects reloaded before import = 0
Number of asset objects unloaded after import = 139
========================================================================
Received Import Request.
  Time since last request: 0.000024 seconds.
  path: Assets/Animations/Zombie Neck Bite.fbx
  artifactKey: Guid(d32ded6badaac824d856251b77c9df95) Importer(815301076,1909f56bfc062723c751e8b465ee728b)
Start importing Assets/Animations/Zombie Neck Bite.fbx using Guid(d32ded6badaac824d856251b77c9df95) Importer(815301076,1909f56bfc062723c751e8b465ee728b)  -> (artifact id: 'b02f6c18ef18954ef3cbe63bbf8b8943') in 0.009628 seconds
Number of updated asset objects reloaded before import = 0
Number of asset objects unloaded after import = 139
========================================================================
Received Import Request.
  Time since last request: 0.000026 seconds.
  path: Assets/Animations/Zombie Stand Up.fbx
  artifactKey: Guid(b3c260ad134cb5e48888a4a644c186bf) Importer(815301076,1909f56bfc062723c751e8b465ee728b)
Start importing Assets/Animations/Zombie Stand Up.fbx using Guid(b3c260ad134cb5e48888a4a644c186bf) Importer(815301076,1909f56bfc062723c751e8b465ee728b)  -> (artifact id: '3bd6124014f97e210ca0c3c6224c6f76') in 0.006687 seconds
Number of updated asset objects reloaded before import = 0
Number of asset objects unloaded after import = 139
========================================================================
Received Import Request.
  Time since last request: 0.000014 seconds.
  path: Assets/Animations/Zombie Biting.fbx
  artifactKey: Guid(6fde29cf13033ca469955c77db9b810d) Importer(815301076,1909f56bfc062723c751e8b465ee728b)
Start importing Assets/Animations/Zombie Biting.fbx using Guid(6fde29cf13033ca469955c77db9b810d) Importer(815301076,1909f56bfc062723c751e8b465ee728b)  -> (artifact id: 'dbf1719c583a0c3b7fb7840ba6f1b7e1') in 0.005566 seconds
Number of updated asset objects reloaded before import = 0
Number of asset objects unloaded after import = 139
========================================================================
Received Import Request.
  Time since last request: 0.000015 seconds.
  path: Assets/Animations/walking.fbx
  artifactKey: Guid(0c5c69ad7bb545141b000d5ebe792607) Importer(815301076,1909f56bfc062723c751e8b465ee728b)
Start importing Assets/Animations/walking.fbx using Guid(0c5c69ad7bb545141b000d5ebe792607) Importer(815301076,1909f56bfc062723c751e8b465ee728b)  -> (artifact id: 'c75fe44059a71565cd4a249bc3f7da12') in 0.004882 seconds
Number of updated asset objects reloaded before import = 0
Number of asset objects unloaded after import = 139
========================================================================
Received Import Request.
  Time since last request: 0.000027 seconds.
  path: Assets/Animations/Standing Arguing 1.fbx
  artifactKey: Guid(0a91ee213df19b14f903a7f2711a6558) Importer(815301076,1909f56bfc062723c751e8b465ee728b)
Start importing Assets/Animations/Standing Arguing 1.fbx using Guid(0a91ee213df19b14f903a7f2711a6558) Importer(815301076,1909f56bfc062723c751e8b465ee728b)  -> (artifact id: 'bbbd213afdc27fc481467aacfe665559') in 0.005784 seconds
Number of updated asset objects reloaded before import = 0
Number of asset objects unloaded after import = 135
========================================================================
Received Import Request.
  Time since last request: 0.000012 seconds.
  path: Assets/Animations/Zombie Agonizing.fbx
  artifactKey: Guid(fcbc18c3c22ff244b9d015c83f7be29f) Importer(815301076,1909f56bfc062723c751e8b465ee728b)
Start importing Assets/Animations/Zombie Agonizing.fbx using Guid(fcbc18c3c22ff244b9d015c83f7be29f) Importer(815301076,1909f56bfc062723c751e8b465ee728b)  -> (artifact id: '3dfa13a34d4ac08548577b5afdabd9dd') in 0.006625 seconds
Number of updated asset objects reloaded before import = 0
Number of asset objects unloaded after import = 139
========================================================================
Received Import Request.
  Time since last request: 0.000022 seconds.
  path: Assets/Animations/Zombie Dying.fbx
  artifactKey: Guid(ccd13bb796ffcca4d82ebcdf3e23c231) Importer(815301076,1909f56bfc062723c751e8b465ee728b)
Start importing Assets/Animations/Zombie Dying.fbx using Guid(ccd13bb796ffcca4d82ebcdf3e23c231) Importer(815301076,1909f56bfc062723c751e8b465ee728b)  -> (artifact id: '5baa739dc4060bdcbec27a47d625a6c1') in 0.007615 seconds
Number of updated asset objects reloaded before import = 0
Number of asset objects unloaded after import = 139
========================================================================
Received Import Request.
  Time since last request: 0.000015 seconds.
  path: Assets/Animations/Zombie Crawl.fbx
  artifactKey: Guid(26a8bb6fe7acaa74ebfaa526804e9798) Importer(815301076,1909f56bfc062723c751e8b465ee728b)
Start importing Assets/Animations/Zombie Crawl.fbx using Guid(26a8bb6fe7acaa74ebfaa526804e9798) Importer(815301076,1909f56bfc062723c751e8b465ee728b)  -> (artifact id: '2726e6dc49875d7a34012aa208595303') in 0.004775 seconds
Number of updated asset objects reloaded before import = 0
Number of asset objects unloaded after import = 139
========================================================================
Received Import Request.
  Time since last request: 16.398237 seconds.
  path: Assets/Humanoids/Textures/Ch06_1001_Normal.png
  artifactKey: Guid(b85d60f7a0cc2e348a8b66bf4e8ea009) Importer(815301076,1909f56bfc062723c751e8b465ee728b)
Start importing Assets/Humanoids/Textures/Ch06_1001_Normal.png using Guid(b85d60f7a0cc2e348a8b66bf4e8ea009) Importer(815301076,1909f56bfc062723c751e8b465ee728b)  -> (artifact id: '659f487860ce20d4e670545698a75d3b') in 0.096135 seconds
Number of updated asset objects reloaded before import = 0
Number of asset objects unloaded after import = 2
========================================================================
Received Import Request.
  Time since last request: 0.000018 seconds.
  path: Assets/Humanoids/Textures/Ch06_1001_Specular.png
  artifactKey: Guid(fee605f80b08a9440936bbe43fceb47e) Importer(815301076,1909f56bfc062723c751e8b465ee728b)
Start importing Assets/Humanoids/Textures/Ch06_1001_Specular.png using Guid(fee605f80b08a9440936bbe43fceb47e) Importer(815301076,1909f56bfc062723c751e8b465ee728b)  -> (artifact id: 'c5597ce31167743c431aee601927c908') in 0.021798 seconds
Number of updated asset objects reloaded before import = 0
Number of asset objects unloaded after import = 2
========================================================================
Received Import Request.
  Time since last request: 0.000016 seconds.
  path: Assets/Humanoids/Textures/FuzZombie_diffuse.png
  artifactKey: Guid(e7a6370ba4adac64d9be6b0d08deac73) Importer(815301076,1909f56bfc062723c751e8b465ee728b)
Start importing Assets/Humanoids/Textures/FuzZombie_diffuse.png using Guid(e7a6370ba4adac64d9be6b0d08deac73) Importer(815301076,1909f56bfc062723c751e8b465ee728b)  -> (artifact id: '065c89bbd70eadfe4a2dfff701607016') in 0.021752 seconds
Number of updated asset objects reloaded before import = 0
Number of asset objects unloaded after import = 2
========================================================================
Received Import Request.
  Time since last request: 0.000017 seconds.
  path: Assets/Humanoids/Textures/Ch06_1002_Diffuse.png
  artifactKey: Guid(a26d216b830510b4b99cd8c06d418213) Importer(815301076,1909f56bfc062723c751e8b465ee728b)
Start importing Assets/Humanoids/Textures/Ch06_1002_Diffuse.png using Guid(a26d216b830510b4b99cd8c06d418213) Importer(815301076,1909f56bfc062723c751e8b465ee728b)  -> (artifact id: '2acc09e85e168d3dbe8a8259ce0da7ce') in 0.019526 seconds
Number of updated asset objects reloaded before import = 0
Number of asset objects unloaded after import = 2
========================================================================
Received Import Request.
  Time since last request: 0.000030 seconds.
  path: Assets/Humanoids/Textures/Remy_Bottom_Diffuse.png
  artifactKey: Guid(2964ae1f63a36fc4d8fc7a103e12c288) Importer(815301076,1909f56bfc062723c751e8b465ee728b)
Start importing Assets/Humanoids/Textures/Remy_Bottom_Diffuse.png using Guid(2964ae1f63a36fc4d8fc7a103e12c288) Importer(815301076,1909f56bfc062723c751e8b465ee728b)  -> (artifact id: '429cf94e2f41de4a42697f13a29ec78f') in 0.020708 seconds
Number of updated asset objects reloaded before import = 0
Number of asset objects unloaded after import = 2
========================================================================
Received Import Request.
  Time since last request: 0.000028 seconds.
  path: Assets/Humanoids/Textures/Remy_Shoes_Normal.png
  artifactKey: Guid(a8d204be90d595e429045ed8991163e7) Importer(815301076,1909f56bfc062723c751e8b465ee728b)
Start importing Assets/Humanoids/Textures/Remy_Shoes_Normal.png using Guid(a8d204be90d595e429045ed8991163e7) Importer(815301076,1909f56bfc062723c751e8b465ee728b)  -> (artifact id: 'f5f04b573f181cba39cc62ab04968b3b') in 0.021549 seconds
Number of updated asset objects reloaded before import = 0
Number of asset objects unloaded after import = 2
========================================================================
Received Import Request.
  Time since last request: 0.000017 seconds.
  path: Assets/Humanoids/Textures/Ch06_1002_Normal.png
  artifactKey: Guid(c81bb737973fe61459bf5517b22d792a) Importer(815301076,1909f56bfc062723c751e8b465ee728b)
Start importing Assets/Humanoids/Textures/Ch06_1002_Normal.png using Guid(c81bb737973fe61459bf5517b22d792a) Importer(815301076,1909f56bfc062723c751e8b465ee728b)  -> (artifact id: '3e730da5cb9b6ae667320e70964adea1') in 0.029173 seconds
Number of updated asset objects reloaded before import = 0
Number of asset objects unloaded after import = 2
========================================================================
Received Import Request.
  Time since last request: 0.000021 seconds.
  path: Assets/Humanoids/Textures/Remy_Bottom_Specular.png
  artifactKey: Guid(f1b94e4535869e3488c51edaa694c711) Importer(815301076,1909f56bfc062723c751e8b465ee728b)
Start importing Assets/Humanoids/Textures/Remy_Bottom_Specular.png using Guid(f1b94e4535869e3488c51edaa694c711) Importer(815301076,1909f56bfc062723c751e8b465ee728b)  -> (artifact id: '2903b96333f1b4ef1bafb71edeb79b4c') in 0.015224 seconds
Number of updated asset objects reloaded before import = 0
Number of asset objects unloaded after import = 2
========================================================================
Received Import Request.
  Time since last request: 0.000014 seconds.
  path: Assets/Humanoids/Textures/Remy_Hair_Opacity.png
  artifactKey: Guid(f31e52661110b9d459f2381abc80c3e7) Importer(815301076,1909f56bfc062723c751e8b465ee728b)
Start importing Assets/Humanoids/Textures/Remy_Hair_Opacity.png using Guid(f31e52661110b9d459f2381abc80c3e7) Importer(815301076,1909f56bfc062723c751e8b465ee728b)  -> (artifact id: '61b0c42779d2a5680d23460231085866') in 0.016361 seconds
Number of updated asset objects reloaded before import = 0
Number of asset objects unloaded after import = 2
========================================================================
Received Import Request.
  Time since last request: 0.000024 seconds.
  path: Assets/Humanoids/Textures/zombie_diffuse.png
  artifactKey: Guid(ec487f45ffc76bc4b8b41ce95981528b) Importer(815301076,1909f56bfc062723c751e8b465ee728b)
Start importing Assets/Humanoids/Textures/zombie_diffuse.png using Guid(ec487f45ffc76bc4b8b41ce95981528b) Importer(815301076,1909f56bfc062723c751e8b465ee728b)  -> (artifact id: 'b00ac1463d78abeb336c98953639b55e') in 0.025404 seconds
Number of updated asset objects reloaded before import = 0
Number of asset objects unloaded after import = 2
========================================================================
Received Import Request.
  Time since last request: 0.000021 seconds.
  path: Assets/Humanoids/Textures/Remy_Body_Diffuse.png
  artifactKey: Guid(f2ed1bfd49a0b6d4ebffbe296131a31d) Importer(815301076,1909f56bfc062723c751e8b465ee728b)
Start importing Assets/Humanoids/Textures/Remy_Body_Diffuse.png using Guid(f2ed1bfd49a0b6d4ebffbe296131a31d) Importer(815301076,1909f56bfc062723c751e8b465ee728b)  -> (artifact id: 'a599e47b0144e7b7e55543a814463cae') in 0.019293 seconds
Number of updated asset objects reloaded before import = 0
Number of asset objects unloaded after import = 2
========================================================================
Received Import Request.
  Time since last request: 0.000016 seconds.
  path: Assets/Humanoids/Textures/Remy_Bottom_Normal.png
  artifactKey: Guid(40d88eefbe084ca4ea05abdbb542cb32) Importer(815301076,1909f56bfc062723c751e8b465ee728b)
Start importing Assets/Humanoids/Textures/Remy_Bottom_Normal.png using Guid(40d88eefbe084ca4ea05abdbb542cb32) Importer(815301076,1909f56bfc062723c751e8b465ee728b)  -> (artifact id: 'd4b242320beab65f9c6850f943d056e4') in 0.019296 seconds
Number of updated asset objects reloaded before import = 0
Number of asset objects unloaded after import = 2
========================================================================
Received Import Request.
  Time since last request: 0.000017 seconds.
  path: Assets/Humanoids/Textures/Remy_Shoes_Diffuse.png
  artifactKey: Guid(e7c9d9a00fd33ba4d963b6c64a7380f2) Importer(815301076,1909f56bfc062723c751e8b465ee728b)
Start importing Assets/Humanoids/Textures/Remy_Shoes_Diffuse.png using Guid(e7c9d9a00fd33ba4d963b6c64a7380f2) Importer(815301076,1909f56bfc062723c751e8b465ee728b)  -> (artifact id: '57a573cebdded5dd570629a09c5ac94f') in 0.020157 seconds
Number of updated asset objects reloaded before import = 0
Number of asset objects unloaded after import = 2
========================================================================
Received Import Request.
  Time since last request: 0.000029 seconds.
  path: Assets/Humanoids/Textures/Remy_Bottom_Gloss.png
  artifactKey: Guid(82ff8825de876b8479023067fc785d7b) Importer(815301076,1909f56bfc062723c751e8b465ee728b)
Start importing Assets/Humanoids/Textures/Remy_Bottom_Gloss.png using Guid(82ff8825de876b8479023067fc785d7b) Importer(815301076,1909f56bfc062723c751e8b465ee728b)  -> (artifact id: '12efb78ca7d0511a03b2c1f639eaa8bc') in 0.016497 seconds
Number of updated asset objects reloaded before import = 0
Number of asset objects unloaded after import = 2
========================================================================
Received Import Request.
  Time since last request: 0.000018 seconds.
  path: Assets/Humanoids/Textures/FuzZombie_body_diffuse.png
  artifactKey: Guid(1a1cb132b0cf1de4a83f1bf11a8978ac) Importer(815301076,1909f56bfc062723c751e8b465ee728b)
Start importing Assets/Humanoids/Textures/FuzZombie_body_diffuse.png using Guid(1a1cb132b0cf1de4a83f1bf11a8978ac) Importer(815301076,1909f56bfc062723c751e8b465ee728b)  -> (artifact id: 'c5efc80c6004b56a17a44cfd17914937') in 0.024232 seconds
Number of updated asset objects reloaded before import = 0
Number of asset objects unloaded after import = 2
========================================================================
Received Import Request.
  Time since last request: 0.441864 seconds.
  path: Assets/Humanoids/remy.fbx
  artifactKey: Guid(cee78e0f171f4ab4ab41667982e4f429) Importer(815301076,1909f56bfc062723c751e8b465ee728b)
Start importing Assets/Humanoids/remy.fbx using Guid(cee78e0f171f4ab4ab41667982e4f429) Importer(815301076,1909f56bfc062723c751e8b465ee728b)  -> (artifact id: 'cb53dfa5874c252db3db82a741b342b4') in 0.314235 seconds
Number of updated asset objects reloaded before import = 0
Number of asset objects unloaded after import = 184
Editor requested this worker to shutdown with reason: Scaling down because of idle timeout
TcpMessagingSession - receive error: operation aborted. errorcode: 995, details: The I/O operation has been aborted because of either a thread exit or an application request.
AssetImportWorker is now disconnected from the server
Process exiting
Exiting without the bug reporter. Application will terminate with return code 0